#
# There is insufficient memory for the Java Runtime Environment to continue.
# Native memory allocation (malloc) failed to allocate 2022784 bytes. Error detail: Chunk::new
# Possible reasons:
#   The system is out of physical RAM or swap space
#   This process is running with CompressedOops enabled, and the Java Heap may be blocking the growth of the native heap
# Possible solutions:
#   Reduce memory load on the system
#   Increase physical memory or swap space
#   Check if swap backing store is full
#   Decrease Java heap size (-Xmx/-Xms)
#   Decrease number of Java threads
#   Decrease Java thread stack sizes (-Xss)
#   Set larger code cache with -XX:ReservedCodeCacheSize=
#   JVM is running with Unscaled Compressed Oops mode in which the Java heap is
#     placed in the first 4GB address space. The Java Heap base address is the
#     maximum limit for the native heap growth. Please use -XX:HeapBaseMinAddress
#     to set the Java Heap base and to place the Java Heap above 4GB virtual address.
# This output file may be truncated or incomplete.
#
#  Out of Memory Error (arena.cpp:191), pid=21664, tid=21160
#
# JRE version: OpenJDK Runtime Environment Microsoft-11369865 (17.0.15+6) (build 17.0.15+6-LTS)
# Java VM: OpenJDK 64-Bit Server VM Microsoft-11369865 (17.0.15+6-LTS, mixed mode, sharing, tiered, compressed oops, compressed class ptrs, g1 gc, windows-amd64)
# No core dump will be written. Minidumps are not enabled by default on client versions of Windows
#

---------------  S U M M A R Y ------------

Command Line: -javaagent:C:\\Users\\HP\\.m2\\repository\\org\\jacoco\\org.jacoco.agent\\0.8.12\\org.jacoco.agent-0.8.12-runtime.jar=destfile=D:\\DATN\\Course_Online\\Backend\\common\\target\\jacoco.exec,excludes=com/example/identity_service/dto/**:com/example/identity_service/entity/**:com/example/identity_service/mapper/**:com/example/identity_service/configuration/** C:\Users\HP\AppData\Local\Temp\surefire4320995214478642953\surefirebooter-20251201164210636_3.jar C:\Users\HP\AppData\Local\Temp\surefire4320995214478642953 2025-12-01T16-42-08_137-jvmRun1 surefire-20251201164210636_1tmp surefire_0-20251201164210636_2tmp

Host: AMD Ryzen 5 5500U with Radeon Graphics         , 12 cores, 7G,  Windows 11 , 64 bit Build 22621 (10.0.22621.5415)
Time: Mon Dec  1 16:42:15 2025 SE Asia Standard Time elapsed time: 4.576137 seconds (0d 0h 0m 4s)

---------------  T H R E A D  ---------------

Current thread (0x00000259f92496d0):  JavaThread "C2 CompilerThread0" daemon [_thread_in_native, id=21160, stack(0x000000df47100000,0x000000df47200000)]


Current CompileTask:
C2:   4576 2490       4       org.jacoco.agent.rt.internal_aeaf9ab.asm.commons.AnalyzerAdapter::execute (1961 bytes)

Stack: [0x000000df47100000,0x000000df47200000]
Native frames: (J=compiled Java code, j=interpreted, Vv=VM code, C=native code)
V  [jvm.dll+0x6887a9]
V  [jvm.dll+0x83f5a8]
V  [jvm.dll+0x841053]
V  [jvm.dll+0x8416c3]
V  [jvm.dll+0x2496ef]
V  [jvm.dll+0xad134]
V  [jvm.dll+0xad7cc]
V  [jvm.dll+0x36af2e]
V  [jvm.dll+0x335513]
V  [jvm.dll+0x3349aa]
V  [jvm.dll+0x21a908]
V  [jvm.dll+0x219d3f]
V  [jvm.dll+0x1a55f6]
V  [jvm.dll+0x22a39a]
V  [jvm.dll+0x2284db]
V  [jvm.dll+0x7f4e28]
V  [jvm.dll+0x7ef2dc]
V  [jvm.dll+0x687687]
C  [ucrtbase.dll+0x29333]
C  [KERNEL32.DLL+0x1259d]
C  [ntdll.dll+0x5af78]


---------------  P R O C E S S  ---------------

Threads class SMR info:
_java_thread_list=0x00000259fe459740, length=14, elements={
0x00000259e9fbabc0, 0x00000259f9221710, 0x00000259f92247b0, 0x00000259f9238740,
0x00000259f923a020, 0x00000259f923a9e0, 0x00000259f923c3b0, 0x00000259f92496d0,
0x00000259f92534e0, 0x00000259f92679d0, 0x00000259f9209220, 0x00000259f97dbe10,
0x00000259f99cba30, 0x00000259f9a2e5d0
}

Java Threads: ( => current thread )
  0x00000259e9fbabc0 JavaThread "main" [_thread_in_vm, id=19072, stack(0x000000df46400000,0x000000df46500000)]
  0x00000259f9221710 JavaThread "Reference Handler" daemon [_thread_blocked, id=9548, stack(0x000000df46b00000,0x000000df46c00000)]
  0x00000259f92247b0 JavaThread "Finalizer" daemon [_thread_blocked, id=3068, stack(0x000000df46c00000,0x000000df46d00000)]
  0x00000259f9238740 JavaThread "Signal Dispatcher" daemon [_thread_blocked, id=10224, stack(0x000000df46d00000,0x000000df46e00000)]
  0x00000259f923a020 JavaThread "Attach Listener" daemon [_thread_blocked, id=8448, stack(0x000000df46e00000,0x000000df46f00000)]
  0x00000259f923a9e0 JavaThread "Service Thread" daemon [_thread_blocked, id=5184, stack(0x000000df46f00000,0x000000df47000000)]
  0x00000259f923c3b0 JavaThread "Monitor Deflation Thread" daemon [_thread_blocked, id=24328, stack(0x000000df47000000,0x000000df47100000)]
=>0x00000259f92496d0 JavaThread "C2 CompilerThread0" daemon [_thread_in_native, id=21160, stack(0x000000df47100000,0x000000df47200000)]
  0x00000259f92534e0 JavaThread "C1 CompilerThread0" daemon [_thread_blocked, id=13404, stack(0x000000df47200000,0x000000df47300000)]
  0x00000259f92679d0 JavaThread "Sweeper thread" daemon [_thread_blocked, id=20308, stack(0x000000df47300000,0x000000df47400000)]
  0x00000259f9209220 JavaThread "Common-Cleaner" daemon [_thread_blocked, id=13912, stack(0x000000df47400000,0x000000df47500000)]
  0x00000259f97dbe10 JavaThread "Notification Thread" daemon [_thread_blocked, id=11504, stack(0x000000df47500000,0x000000df47600000)]
  0x00000259f99cba30 JavaThread "surefire-forkedjvm-stream-flusher" daemon [_thread_blocked, id=18140, stack(0x000000df47700000,0x000000df47800000)]
  0x00000259f9a2e5d0 JavaThread "surefire-forkedjvm-command-thread" daemon [_thread_in_native, id=13036, stack(0x000000df47800000,0x000000df47900000)]

Other Threads:
  0x00000259f9219c60 VMThread "VM Thread" [stack: 0x000000df46a00000,0x000000df46b00000] [id=14532]
  0x00000259f97d8620 WatcherThread [stack: 0x000000df47600000,0x000000df47700000] [id=22040]
  0x00000259ea011a20 GCTaskThread "GC Thread#0" [stack: 0x000000df46500000,0x000000df46600000] [id=8500]
  0x00000259fe41dd00 GCTaskThread "GC Thread#1" [stack: 0x000000df47900000,0x000000df47a00000] [id=19304]
  0x00000259fe35f910 GCTaskThread "GC Thread#2" [stack: 0x000000df47a00000,0x000000df47b00000] [id=14540]
  0x00000259fe35fbd0 GCTaskThread "GC Thread#3" [stack: 0x000000df47b00000,0x000000df47c00000] [id=12636]
  0x00000259f9c16d20 GCTaskThread "GC Thread#4" [stack: 0x000000df47c00000,0x000000df47d00000] [id=6200]
  0x00000259fe7e8320 GCTaskThread "GC Thread#5" [stack: 0x000000df47d00000,0x000000df47e00000] [id=21024]
  0x00000259fe7e85e0 GCTaskThread "GC Thread#6" [stack: 0x000000df47e00000,0x000000df47f00000] [id=19348]
  0x00000259fe7e8ab0 GCTaskThread "GC Thread#7" [stack: 0x000000df47f00000,0x000000df48000000] [id=14056]
  0x00000259ff267040 GCTaskThread "GC Thread#8" [stack: 0x000000df48000000,0x000000df48100000] [id=9888]
  0x00000259ff267300 GCTaskThread "GC Thread#9" [stack: 0x000000df48100000,0x000000df48200000] [id=22788]
  0x00000259ea0213f0 ConcurrentGCThread "G1 Main Marker" [stack: 0x000000df46600000,0x000000df46700000] [id=7800]
  0x00000259ea021e10 ConcurrentGCThread "G1 Conc#0" [stack: 0x000000df46700000,0x000000df46800000] [id=23952]
  0x00000259f90d64e0 ConcurrentGCThread "G1 Refine#0" [stack: 0x000000df46800000,0x000000df46900000] [id=13492]
  0x00000259f90d6f10 ConcurrentGCThread "G1 Service" [stack: 0x000000df46900000,0x000000df46a00000] [id=19712]

Threads with active compile tasks:
C2 CompilerThread0     4630 2490       4       org.jacoco.agent.rt.internal_aeaf9ab.asm.commons.AnalyzerAdapter::execute (1961 bytes)

VM state: not at safepoint (normal execution)

VM Mutex/Monitor currently owned by a thread: None

Heap address: 0x000000008ac00000, size: 1876 MB, Compressed Oops mode: 32-bit

CDS archive(s) mapped at: [0x000002598f000000-0x000002598fbb0000-0x000002598fbb0000), size 12255232, SharedBaseAddress: 0x000002598f000000, ArchiveRelocationMode: 1.
Compressed class space mapped at: 0x0000025990000000-0x00000259d0000000, reserved size: 1073741824
Narrow klass base: 0x000002598f000000, Narrow klass shift: 0, Narrow klass range: 0x100000000

GC Precious Log:
 CPUs: 12 total, 12 available
 Memory: 7502M
 Large Page Support: Disabled
 NUMA Support: Disabled
 Compressed Oops: Enabled (32-bit)
 Heap Region Size: 1M
 Heap Min Capacity: 8M
 Heap Initial Capacity: 118M
 Heap Max Capacity: 1876M
 Pre-touch: Disabled
 Parallel Workers: 10
 Concurrent Workers: 3
 Concurrent Refinement Workers: 10
 Periodic GC: Disabled

Heap:
 garbage-first heap   total 120832K, used 34187K [0x000000008ac00000, 0x0000000100000000)
  region size 1024K, 30 young (30720K), 4 survivors (4096K)
 Metaspace       used 12537K, committed 12864K, reserved 1114112K
  class space    used 1428K, committed 1600K, reserved 1048576K

Heap Regions: E=young(eden), S=young(survivor), O=old, HS=humongous(starts), HC=humongous(continues), CS=collection set, F=free, OA=open archive, CA=closed archive, TAMS=top-at-mark-start (previous, next)
|   0|0x000000008ac00000, 0x000000008ad00000, 0x000000008ad00000|100%|HS|  |TAMS 0x000000008ac00000, 0x000000008ac00000| Complete 
|   1|0x000000008ad00000, 0x000000008ae00000, 0x000000008ae00000|100%| O|  |TAMS 0x000000008ad00000, 0x000000008ad00000| Untracked 
|   2|0x000000008ae00000, 0x000000008af00000, 0x000000008af00000|100%| O|  |TAMS 0x000000008ae00000, 0x000000008ae00000| Untracked 
|   3|0x000000008af00000, 0x000000008b000000, 0x000000008b000000|100%| O|  |TAMS 0x000000008af00000, 0x000000008af00000| Untracked 
|   4|0x000000008b000000, 0x000000008b09d000, 0x000000008b100000| 61%| O|  |TAMS 0x000000008b000000, 0x000000008b000000| Untracked 
|   5|0x000000008b100000, 0x000000008b100000, 0x000000008b200000|  0%| F|  |TAMS 0x000000008b100000, 0x000000008b100000| Untracked 
|   6|0x000000008b200000, 0x000000008b200000, 0x000000008b300000|  0%| F|  |TAMS 0x000000008b200000, 0x000000008b200000| Untracked 
|   7|0x000000008b300000, 0x000000008b300000, 0x000000008b400000|  0%| F|  |TAMS 0x000000008b300000, 0x000000008b300000| Untracked 
|   8|0x000000008b400000, 0x000000008b400000, 0x000000008b500000|  0%| F|  |TAMS 0x000000008b400000, 0x000000008b400000| Untracked 
|   9|0x000000008b500000, 0x000000008b500000, 0x000000008b600000|  0%| F|  |TAMS 0x000000008b500000, 0x000000008b500000| Untracked 
|  10|0x000000008b600000, 0x000000008b600000, 0x000000008b700000|  0%| F|  |TAMS 0x000000008b600000, 0x000000008b600000| Untracked 
|  11|0x000000008b700000, 0x000000008b700000, 0x000000008b800000|  0%| F|  |TAMS 0x000000008b700000, 0x000000008b700000| Untracked 
|  12|0x000000008b800000, 0x000000008b800000, 0x000000008b900000|  0%| F|  |TAMS 0x000000008b800000, 0x000000008b800000| Untracked 
|  13|0x000000008b900000, 0x000000008b900000, 0x000000008ba00000|  0%| F|  |TAMS 0x000000008b900000, 0x000000008b900000| Untracked 
|  14|0x000000008ba00000, 0x000000008ba00000, 0x000000008bb00000|  0%| F|  |TAMS 0x000000008ba00000, 0x000000008ba00000| Untracked 
|  15|0x000000008bb00000, 0x000000008bb00000, 0x000000008bc00000|  0%| F|  |TAMS 0x000000008bb00000, 0x000000008bb00000| Untracked 
|  16|0x000000008bc00000, 0x000000008bc00000, 0x000000008bd00000|  0%| F|  |TAMS 0x000000008bc00000, 0x000000008bc00000| Untracked 
|  17|0x000000008bd00000, 0x000000008bd00000, 0x000000008be00000|  0%| F|  |TAMS 0x000000008bd00000, 0x000000008bd00000| Untracked 
|  18|0x000000008be00000, 0x000000008be00000, 0x000000008bf00000|  0%| F|  |TAMS 0x000000008be00000, 0x000000008be00000| Untracked 
|  19|0x000000008bf00000, 0x000000008bf00000, 0x000000008c000000|  0%| F|  |TAMS 0x000000008bf00000, 0x000000008bf00000| Untracked 
|  20|0x000000008c000000, 0x000000008c000000, 0x000000008c100000|  0%| F|  |TAMS 0x000000008c000000, 0x000000008c000000| Untracked 
|  21|0x000000008c100000, 0x000000008c100000, 0x000000008c200000|  0%| F|  |TAMS 0x000000008c100000, 0x000000008c100000| Untracked 
|  22|0x000000008c200000, 0x000000008c200000, 0x000000008c300000|  0%| F|  |TAMS 0x000000008c200000, 0x000000008c200000| Untracked 
|  23|0x000000008c300000, 0x000000008c300000, 0x000000008c400000|  0%| F|  |TAMS 0x000000008c300000, 0x000000008c300000| Untracked 
|  24|0x000000008c400000, 0x000000008c400000, 0x000000008c500000|  0%| F|  |TAMS 0x000000008c400000, 0x000000008c400000| Untracked 
|  25|0x000000008c500000, 0x000000008c500000, 0x000000008c600000|  0%| F|  |TAMS 0x000000008c500000, 0x000000008c500000| Untracked 
|  26|0x000000008c600000, 0x000000008c600000, 0x000000008c700000|  0%| F|  |TAMS 0x000000008c600000, 0x000000008c600000| Untracked 
|  27|0x000000008c700000, 0x000000008c700000, 0x000000008c800000|  0%| F|  |TAMS 0x000000008c700000, 0x000000008c700000| Untracked 
|  28|0x000000008c800000, 0x000000008c800000, 0x000000008c900000|  0%| F|  |TAMS 0x000000008c800000, 0x000000008c800000| Untracked 
|  29|0x000000008c900000, 0x000000008c900000, 0x000000008ca00000|  0%| F|  |TAMS 0x000000008c900000, 0x000000008c900000| Untracked 
|  30|0x000000008ca00000, 0x000000008ca00000, 0x000000008cb00000|  0%| F|  |TAMS 0x000000008ca00000, 0x000000008ca00000| Untracked 
|  31|0x000000008cb00000, 0x000000008cb00000, 0x000000008cc00000|  0%| F|  |TAMS 0x000000008cb00000, 0x000000008cb00000| Untracked 
|  32|0x000000008cc00000, 0x000000008cc00000, 0x000000008cd00000|  0%| F|  |TAMS 0x000000008cc00000, 0x000000008cc00000| Untracked 
|  33|0x000000008cd00000, 0x000000008cd00000, 0x000000008ce00000|  0%| F|  |TAMS 0x000000008cd00000, 0x000000008cd00000| Untracked 
|  34|0x000000008ce00000, 0x000000008ce00000, 0x000000008cf00000|  0%| F|  |TAMS 0x000000008ce00000, 0x000000008ce00000| Untracked 
|  35|0x000000008cf00000, 0x000000008cf00000, 0x000000008d000000|  0%| F|  |TAMS 0x000000008cf00000, 0x000000008cf00000| Untracked 
|  36|0x000000008d000000, 0x000000008d000000, 0x000000008d100000|  0%| F|  |TAMS 0x000000008d000000, 0x000000008d000000| Untracked 
|  37|0x000000008d100000, 0x000000008d100000, 0x000000008d200000|  0%| F|  |TAMS 0x000000008d100000, 0x000000008d100000| Untracked 
|  38|0x000000008d200000, 0x000000008d200000, 0x000000008d300000|  0%| F|  |TAMS 0x000000008d200000, 0x000000008d200000| Untracked 
|  39|0x000000008d300000, 0x000000008d300000, 0x000000008d400000|  0%| F|  |TAMS 0x000000008d300000, 0x000000008d300000| Untracked 
|  40|0x000000008d400000, 0x000000008d400000, 0x000000008d500000|  0%| F|  |TAMS 0x000000008d400000, 0x000000008d400000| Untracked 
|  41|0x000000008d500000, 0x000000008d500000, 0x000000008d600000|  0%| F|  |TAMS 0x000000008d500000, 0x000000008d500000| Untracked 
|  42|0x000000008d600000, 0x000000008d600000, 0x000000008d700000|  0%| F|  |TAMS 0x000000008d600000, 0x000000008d600000| Untracked 
|  43|0x000000008d700000, 0x000000008d700000, 0x000000008d800000|  0%| F|  |TAMS 0x000000008d700000, 0x000000008d700000| Untracked 
|  44|0x000000008d800000, 0x000000008d8c5ea0, 0x000000008d900000| 77%| S|CS|TAMS 0x000000008d800000, 0x000000008d800000| Complete 
|  45|0x000000008d900000, 0x000000008da00000, 0x000000008da00000|100%| S|CS|TAMS 0x000000008d900000, 0x000000008d900000| Complete 
|  46|0x000000008da00000, 0x000000008db00000, 0x000000008db00000|100%| S|CS|TAMS 0x000000008da00000, 0x000000008da00000| Complete 
|  47|0x000000008db00000, 0x000000008dc00000, 0x000000008dc00000|100%| S|CS|TAMS 0x000000008db00000, 0x000000008db00000| Complete 
|  48|0x000000008dc00000, 0x000000008dc00000, 0x000000008dd00000|  0%| F|  |TAMS 0x000000008dc00000, 0x000000008dc00000| Untracked 
|  49|0x000000008dd00000, 0x000000008dd00000, 0x000000008de00000|  0%| F|  |TAMS 0x000000008dd00000, 0x000000008dd00000| Untracked 
|  50|0x000000008de00000, 0x000000008de00000, 0x000000008df00000|  0%| F|  |TAMS 0x000000008de00000, 0x000000008de00000| Untracked 
|  51|0x000000008df00000, 0x000000008df00000, 0x000000008e000000|  0%| F|  |TAMS 0x000000008df00000, 0x000000008df00000| Untracked 
|  52|0x000000008e000000, 0x000000008e000000, 0x000000008e100000|  0%| F|  |TAMS 0x000000008e000000, 0x000000008e000000| Untracked 
|  53|0x000000008e100000, 0x000000008e100000, 0x000000008e200000|  0%| F|  |TAMS 0x000000008e100000, 0x000000008e100000| Untracked 
|  54|0x000000008e200000, 0x000000008e200000, 0x000000008e300000|  0%| F|  |TAMS 0x000000008e200000, 0x000000008e200000| Untracked 
|  55|0x000000008e300000, 0x000000008e300000, 0x000000008e400000|  0%| F|  |TAMS 0x000000008e300000, 0x000000008e300000| Untracked 
|  56|0x000000008e400000, 0x000000008e400000, 0x000000008e500000|  0%| F|  |TAMS 0x000000008e400000, 0x000000008e400000| Untracked 
|  57|0x000000008e500000, 0x000000008e500000, 0x000000008e600000|  0%| F|  |TAMS 0x000000008e500000, 0x000000008e500000| Untracked 
|  58|0x000000008e600000, 0x000000008e600000, 0x000000008e700000|  0%| F|  |TAMS 0x000000008e600000, 0x000000008e600000| Untracked 
|  59|0x000000008e700000, 0x000000008e700000, 0x000000008e800000|  0%| F|  |TAMS 0x000000008e700000, 0x000000008e700000| Untracked 
|  60|0x000000008e800000, 0x000000008e800000, 0x000000008e900000|  0%| F|  |TAMS 0x000000008e800000, 0x000000008e800000| Untracked 
|  61|0x000000008e900000, 0x000000008e900000, 0x000000008ea00000|  0%| F|  |TAMS 0x000000008e900000, 0x000000008e900000| Untracked 
|  62|0x000000008ea00000, 0x000000008ea00000, 0x000000008eb00000|  0%| F|  |TAMS 0x000000008ea00000, 0x000000008ea00000| Untracked 
|  63|0x000000008eb00000, 0x000000008eb00000, 0x000000008ec00000|  0%| F|  |TAMS 0x000000008eb00000, 0x000000008eb00000| Untracked 
|  64|0x000000008ec00000, 0x000000008ec00000, 0x000000008ed00000|  0%| F|  |TAMS 0x000000008ec00000, 0x000000008ec00000| Untracked 
|  65|0x000000008ed00000, 0x000000008ed00000, 0x000000008ee00000|  0%| F|  |TAMS 0x000000008ed00000, 0x000000008ed00000| Untracked 
|  66|0x000000008ee00000, 0x000000008ee00000, 0x000000008ef00000|  0%| F|  |TAMS 0x000000008ee00000, 0x000000008ee00000| Untracked 
|  67|0x000000008ef00000, 0x000000008ef00000, 0x000000008f000000|  0%| F|  |TAMS 0x000000008ef00000, 0x000000008ef00000| Untracked 
|  68|0x000000008f000000, 0x000000008f000000, 0x000000008f100000|  0%| F|  |TAMS 0x000000008f000000, 0x000000008f000000| Untracked 
|  69|0x000000008f100000, 0x000000008f100000, 0x000000008f200000|  0%| F|  |TAMS 0x000000008f100000, 0x000000008f100000| Untracked 
|  70|0x000000008f200000, 0x000000008f200000, 0x000000008f300000|  0%| F|  |TAMS 0x000000008f200000, 0x000000008f200000| Untracked 
|  71|0x000000008f300000, 0x000000008f300000, 0x000000008f400000|  0%| F|  |TAMS 0x000000008f300000, 0x000000008f300000| Untracked 
|  72|0x000000008f400000, 0x000000008f400000, 0x000000008f500000|  0%| F|  |TAMS 0x000000008f400000, 0x000000008f400000| Untracked 
|  73|0x000000008f500000, 0x000000008f500000, 0x000000008f600000|  0%| F|  |TAMS 0x000000008f500000, 0x000000008f500000| Untracked 
|  74|0x000000008f600000, 0x000000008f600000, 0x000000008f700000|  0%| F|  |TAMS 0x000000008f600000, 0x000000008f600000| Untracked 
|  75|0x000000008f700000, 0x000000008f700000, 0x000000008f800000|  0%| F|  |TAMS 0x000000008f700000, 0x000000008f700000| Untracked 
|  76|0x000000008f800000, 0x000000008f800000, 0x000000008f900000|  0%| F|  |TAMS 0x000000008f800000, 0x000000008f800000| Untracked 
|  77|0x000000008f900000, 0x000000008f900000, 0x000000008fa00000|  0%| F|  |TAMS 0x000000008f900000, 0x000000008f900000| Untracked 
|  78|0x000000008fa00000, 0x000000008fa00000, 0x000000008fb00000|  0%| F|  |TAMS 0x000000008fa00000, 0x000000008fa00000| Untracked 
|  79|0x000000008fb00000, 0x000000008fb00000, 0x000000008fc00000|  0%| F|  |TAMS 0x000000008fb00000, 0x000000008fb00000| Untracked 
|  80|0x000000008fc00000, 0x000000008fc00000, 0x000000008fd00000|  0%| F|  |TAMS 0x000000008fc00000, 0x000000008fc00000| Untracked 
|  81|0x000000008fd00000, 0x000000008fd00000, 0x000000008fe00000|  0%| F|  |TAMS 0x000000008fd00000, 0x000000008fd00000| Untracked 
|  82|0x000000008fe00000, 0x000000008fe00000, 0x000000008ff00000|  0%| F|  |TAMS 0x000000008fe00000, 0x000000008fe00000| Untracked 
|  83|0x000000008ff00000, 0x000000008ff00000, 0x0000000090000000|  0%| F|  |TAMS 0x000000008ff00000, 0x000000008ff00000| Untracked 
|  84|0x0000000090000000, 0x0000000090000000, 0x0000000090100000|  0%| F|  |TAMS 0x0000000090000000, 0x0000000090000000| Untracked 
|  85|0x0000000090100000, 0x0000000090100000, 0x0000000090200000|  0%| F|  |TAMS 0x0000000090100000, 0x0000000090100000| Untracked 
|  86|0x0000000090200000, 0x0000000090200000, 0x0000000090300000|  0%| F|  |TAMS 0x0000000090200000, 0x0000000090200000| Untracked 
|  87|0x0000000090300000, 0x0000000090300000, 0x0000000090400000|  0%| F|  |TAMS 0x0000000090300000, 0x0000000090300000| Untracked 
|  88|0x0000000090400000, 0x0000000090400000, 0x0000000090500000|  0%| F|  |TAMS 0x0000000090400000, 0x0000000090400000| Untracked 
|  89|0x0000000090500000, 0x0000000090500000, 0x0000000090600000|  0%| F|  |TAMS 0x0000000090500000, 0x0000000090500000| Untracked 
|  90|0x0000000090600000, 0x0000000090600000, 0x0000000090700000|  0%| F|  |TAMS 0x0000000090600000, 0x0000000090600000| Untracked 
|  91|0x0000000090700000, 0x0000000090700000, 0x0000000090800000|  0%| F|  |TAMS 0x0000000090700000, 0x0000000090700000| Untracked 
|  92|0x0000000090800000, 0x0000000090880000, 0x0000000090900000| 50%| E|  |TAMS 0x0000000090800000, 0x0000000090800000| Complete 
|  93|0x0000000090900000, 0x0000000090a00000, 0x0000000090a00000|100%| E|CS|TAMS 0x0000000090900000, 0x0000000090900000| Complete 
|  94|0x0000000090a00000, 0x0000000090b00000, 0x0000000090b00000|100%| E|CS|TAMS 0x0000000090a00000, 0x0000000090a00000| Complete 
|  95|0x0000000090b00000, 0x0000000090c00000, 0x0000000090c00000|100%| E|CS|TAMS 0x0000000090b00000, 0x0000000090b00000| Complete 
|  96|0x0000000090c00000, 0x0000000090d00000, 0x0000000090d00000|100%| E|CS|TAMS 0x0000000090c00000, 0x0000000090c00000| Complete 
|  97|0x0000000090d00000, 0x0000000090e00000, 0x0000000090e00000|100%| E|CS|TAMS 0x0000000090d00000, 0x0000000090d00000| Complete 
|  98|0x0000000090e00000, 0x0000000090f00000, 0x0000000090f00000|100%| E|CS|TAMS 0x0000000090e00000, 0x0000000090e00000| Complete 
|  99|0x0000000090f00000, 0x0000000091000000, 0x0000000091000000|100%| E|CS|TAMS 0x0000000090f00000, 0x0000000090f00000| Complete 
| 100|0x0000000091000000, 0x0000000091100000, 0x0000000091100000|100%| E|CS|TAMS 0x0000000091000000, 0x0000000091000000| Complete 
| 101|0x0000000091100000, 0x0000000091200000, 0x0000000091200000|100%| E|CS|TAMS 0x0000000091100000, 0x0000000091100000| Complete 
| 102|0x0000000091200000, 0x0000000091300000, 0x0000000091300000|100%| E|CS|TAMS 0x0000000091200000, 0x0000000091200000| Complete 
| 103|0x0000000091300000, 0x0000000091400000, 0x0000000091400000|100%| E|CS|TAMS 0x0000000091300000, 0x0000000091300000| Complete 
| 104|0x0000000091400000, 0x0000000091500000, 0x0000000091500000|100%| E|CS|TAMS 0x0000000091400000, 0x0000000091400000| Complete 
| 105|0x0000000091500000, 0x0000000091600000, 0x0000000091600000|100%| E|CS|TAMS 0x0000000091500000, 0x0000000091500000| Complete 
| 106|0x0000000091600000, 0x0000000091700000, 0x0000000091700000|100%| E|CS|TAMS 0x0000000091600000, 0x0000000091600000| Complete 
| 107|0x0000000091700000, 0x0000000091800000, 0x0000000091800000|100%| E|CS|TAMS 0x0000000091700000, 0x0000000091700000| Complete 
| 108|0x0000000091800000, 0x0000000091900000, 0x0000000091900000|100%| E|CS|TAMS 0x0000000091800000, 0x0000000091800000| Complete 
| 109|0x0000000091900000, 0x0000000091a00000, 0x0000000091a00000|100%| E|CS|TAMS 0x0000000091900000, 0x0000000091900000| Complete 
| 110|0x0000000091a00000, 0x0000000091b00000, 0x0000000091b00000|100%| E|CS|TAMS 0x0000000091a00000, 0x0000000091a00000| Complete 
| 111|0x0000000091b00000, 0x0000000091c00000, 0x0000000091c00000|100%| E|CS|TAMS 0x0000000091b00000, 0x0000000091b00000| Complete 
| 112|0x0000000091c00000, 0x0000000091d00000, 0x0000000091d00000|100%| E|CS|TAMS 0x0000000091c00000, 0x0000000091c00000| Complete 
| 113|0x0000000091d00000, 0x0000000091e00000, 0x0000000091e00000|100%| E|CS|TAMS 0x0000000091d00000, 0x0000000091d00000| Complete 
| 114|0x0000000091e00000, 0x0000000091f00000, 0x0000000091f00000|100%| E|CS|TAMS 0x0000000091e00000, 0x0000000091e00000| Complete 
| 115|0x0000000091f00000, 0x0000000092000000, 0x0000000092000000|100%| E|CS|TAMS 0x0000000091f00000, 0x0000000091f00000| Complete 
| 116|0x0000000092000000, 0x0000000092100000, 0x0000000092100000|100%| E|CS|TAMS 0x0000000092000000, 0x0000000092000000| Complete 
| 117|0x0000000092100000, 0x0000000092200000, 0x0000000092200000|100%| E|CS|TAMS 0x0000000092100000, 0x0000000092100000| Complete 

Card table byte_map: [0x00000259f2400000,0x00000259f27b0000] _byte_map_base: 0x00000259f1faa000

Marking Bits (Prev, Next): (CMBitMap*) 0x00000259ea012040, (CMBitMap*) 0x00000259ea012080
 Prev Bits: [0x00000259f2b60000, 0x00000259f48b0000)
 Next Bits: [0x00000259f48b0000, 0x00000259f6600000)

Polling page: 0x00000259e9770000

Metaspace:

Usage:
  Non-class:     10.85 MB used.
      Class:      1.40 MB used.
       Both:     12.25 MB used.

Virtual space:
  Non-class space:       64.00 MB reserved,      11.00 MB ( 17%) committed,  1 nodes.
      Class space:        1.00 GB reserved,       1.56 MB ( <1%) committed,  1 nodes.
             Both:        1.06 GB reserved,      12.56 MB (  1%) committed. 

Chunk freelists:
   Non-Class:  4.89 MB
       Class:  14.42 MB
        Both:  19.31 MB

MaxMetaspaceSize: unlimited
CompressedClassSpaceSize: 1.00 GB
Initial GC threshold: 21.00 MB
Current GC threshold: 21.00 MB
CDS: on
MetaspaceReclaimPolicy: balanced
 - commit_granule_bytes: 65536.
 - commit_granule_words: 8192.
 - virtual_space_node_default_size: 8388608.
 - enlarge_chunks_in_place: 1.
 - new_chunks_are_fully_committed: 0.
 - uncommit_free_chunks: 1.
 - use_allocation_guard: 0.
 - handle_deallocations: 1.


Internal statistics:

num_allocs_failed_limit: 0.
num_arena_births: 290.
num_arena_deaths: 0.
num_vsnodes_births: 2.
num_vsnodes_deaths: 0.
num_space_committed: 201.
num_space_uncommitted: 0.
num_chunks_returned_to_freelist: 0.
num_chunks_taken_from_freelist: 711.
num_chunk_merges: 0.
num_chunk_splits: 449.
num_chunks_enlarged: 325.
num_inconsistent_stats: 0.

CodeHeap 'non-profiled nmethods': size=120000Kb used=797Kb max_used=797Kb free=119202Kb
 bounds [0x0000025987ad0000, 0x0000025987d40000, 0x000002598f000000]
CodeHeap 'profiled nmethods': size=120000Kb used=4615Kb max_used=4615Kb free=115384Kb
 bounds [0x0000025980000000, 0x0000025980490000, 0x0000025987530000]
CodeHeap 'non-nmethods': size=5760Kb used=1189Kb max_used=1232Kb free=4570Kb
 bounds [0x0000025987530000, 0x00000259877a0000, 0x0000025987ad0000]
 total_blobs=2968 nmethods=2481 adapters=399
 compilation: enabled
              stopped_count=0, restarted_count=0
 full_count=0

Compilation events (20 events):
Event: 4.531 Thread 0x00000259f92534e0 2533       2       jdk.internal.org.objectweb.asm.AnnotationVisitor::<init> (88 bytes)
Event: 4.531 Thread 0x00000259f92534e0 nmethod 2533 0x000002598047ed90 code [0x000002598047ef80, 0x000002598047f3a8]
Event: 4.531 Thread 0x00000259f92534e0 2534       2       jdk.internal.org.objectweb.asm.AnnotationWriter::visitEnd (44 bytes)
Event: 4.531 Thread 0x00000259f92534e0 nmethod 2534 0x000002598047f590 code [0x000002598047f720, 0x000002598047f898]
Event: 4.531 Thread 0x00000259f92534e0 2535       1       java.lang.Class::getClassData (5 bytes)
Event: 4.531 Thread 0x00000259f92534e0 nmethod 2535 0x0000025987b97090 code [0x0000025987b97220, 0x0000025987b972f8]
Event: 4.532 Thread 0x00000259f92534e0 2536       2       org.jacoco.agent.rt.internal_aeaf9ab.core.internal.flow.LabelFlowAnalyzer::setTargetIfNotDone (16 bytes)
Event: 4.532 Thread 0x00000259f92534e0 nmethod 2536 0x000002598047f990 code [0x000002598047fb60, 0x0000025980480058]
Event: 4.536 Thread 0x00000259f92534e0 2537       2       java.lang.String::equals (56 bytes)
Event: 4.536 Thread 0x00000259f92534e0 nmethod 2537 0x0000025980480290 code [0x0000025980480440, 0x0000025980480668]
Event: 4.563 Thread 0x00000259f92534e0 2539       2       org.springframework.util.ConcurrentReferenceHashMap$Task::hasOption (19 bytes)
Event: 4.563 Thread 0x00000259f92534e0 nmethod 2539 0x0000025980480790 code [0x0000025980480940, 0x0000025980480aa8]
Event: 4.563 Thread 0x00000259f92534e0 2540       2       org.springframework.core.annotation.AttributeMethods::size (18 bytes)
Event: 4.563 Thread 0x00000259f92534e0 nmethod 2540 0x0000025980480c10 code [0x0000025980480da0, 0x0000025980480ef8]
Event: 4.564 Thread 0x00000259f92534e0 2541       2       java.util.RegularEnumSet::add (9 bytes)
Event: 4.564 Thread 0x00000259f92534e0 nmethod 2541 0x0000025980481010 code [0x00000259804811a0, 0x0000025980481308]
Event: 4.564 Thread 0x00000259f92534e0 2542       2       java.util.RegularEnumSet::add (40 bytes)
Event: 4.564 Thread 0x00000259f92534e0 nmethod 2542 0x0000025980481410 code [0x00000259804815a0, 0x0000025980481728]
Event: 4.567 Thread 0x00000259f92534e0 2543       1       java.util.concurrent.CopyOnWriteArrayList::getArray (5 bytes)
Event: 4.567 Thread 0x00000259f92534e0 nmethod 2543 0x0000025987b97390 code [0x0000025987b97520, 0x0000025987b975f8]

GC Heap History (6 events):
Event: 1.883 GC heap before
{Heap before GC invocations=0 (full 0):
 garbage-first heap   total 120832K, used 24576K [0x000000008ac00000, 0x0000000100000000)
  region size 1024K, 23 young (23552K), 0 survivors (0K)
 Metaspace       used 3441K, committed 3584K, reserved 1114112K
  class space    used 318K, committed 384K, reserved 1048576K
}
Event: 1.892 GC heap after
{Heap after GC invocations=1 (full 0):
 garbage-first heap   total 120832K, used 4995K [0x000000008ac00000, 0x0000000100000000)
  region size 1024K, 3 young (3072K), 3 survivors (3072K)
 Metaspace       used 3441K, committed 3584K, reserved 1114112K
  class space    used 318K, committed 384K, reserved 1048576K
}
Event: 2.708 GC heap before
{Heap before GC invocations=1 (full 0):
 garbage-first heap   total 120832K, used 35715K [0x000000008ac00000, 0x0000000100000000)
  region size 1024K, 33 young (33792K), 3 survivors (3072K)
 Metaspace       used 6254K, committed 6400K, reserved 1114112K
  class space    used 594K, committed 640K, reserved 1048576K
}
Event: 2.718 GC heap after
{Heap after GC invocations=2 (full 0):
 garbage-first heap   total 120832K, used 6939K [0x000000008ac00000, 0x0000000100000000)
  region size 1024K, 3 young (3072K), 3 survivors (3072K)
 Metaspace       used 6254K, committed 6400K, reserved 1114112K
  class space    used 594K, committed 640K, reserved 1048576K
}
Event: 4.247 GC heap before
{Heap before GC invocations=2 (full 0):
 garbage-first heap   total 120832K, used 75547K [0x000000008ac00000, 0x0000000100000000)
  region size 1024K, 70 young (71680K), 3 survivors (3072K)
 Metaspace       used 11232K, committed 11520K, reserved 1114112K
  class space    used 1296K, committed 1408K, reserved 1048576K
}
Event: 4.257 GC heap after
{Heap after GC invocations=3 (full 0):
 garbage-first heap   total 120832K, used 8587K [0x000000008ac00000, 0x0000000100000000)
  region size 1024K, 4 young (4096K), 4 survivors (4096K)
 Metaspace       used 11232K, committed 11520K, reserved 1114112K
  class space    used 1296K, committed 1408K, reserved 1048576K
}

Dll operation events (11 events):
Event: 0.027 Loaded shared library C:\Users\HP\.jdks\ms-17.0.15\bin\java.dll
Event: 0.061 Loaded shared library C:\Users\HP\.jdks\ms-17.0.15\bin\jsvml.dll
Event: 0.164 Loaded shared library C:\Users\HP\.jdks\ms-17.0.15\bin\zip.dll
Event: 0.170 Loaded shared library C:\Users\HP\.jdks\ms-17.0.15\bin\instrument.dll
Event: 0.179 Loaded shared library C:\Users\HP\.jdks\ms-17.0.15\bin\net.dll
Event: 0.182 Loaded shared library C:\Users\HP\.jdks\ms-17.0.15\bin\nio.dll
Event: 0.186 Loaded shared library C:\Users\HP\.jdks\ms-17.0.15\bin\zip.dll
Event: 1.102 Loaded shared library C:\Users\HP\.jdks\ms-17.0.15\bin\verify.dll
Event: 1.218 Loaded shared library C:\Users\HP\.jdks\ms-17.0.15\bin\jimage.dll
Event: 1.684 Loaded shared library C:\Users\HP\.jdks\ms-17.0.15\bin\management.dll
Event: 1.696 Loaded shared library C:\Users\HP\.jdks\ms-17.0.15\bin\management_ext.dll

Deoptimization events (20 events):
Event: 3.927 Thread 0x00000259e9fbabc0 Uncommon trap: trap_request=0xffffff45 fr.pc=0x0000025987af23ec relative=0x000000000000016c
Event: 3.927 Thread 0x00000259e9fbabc0 Uncommon trap: reason=unstable_if action=reinterpret pc=0x0000025987af23ec method=java.lang.String.isLatin1()Z @ 10 c2
Event: 3.927 Thread 0x00000259e9fbabc0 DEOPT PACKING pc=0x0000025987af23ec sp=0x000000df464f8ed0
Event: 3.927 Thread 0x00000259e9fbabc0 DEOPT UNPACKING pc=0x00000259875869a3 sp=0x000000df464f8da0 mode 2
Event: 4.516 Thread 0x00000259e9fbabc0 Uncommon trap: trap_request=0xffffffde fr.pc=0x0000025987adba24 relative=0x00000000000001a4
Event: 4.516 Thread 0x00000259e9fbabc0 Uncommon trap: reason=class_check action=maybe_recompile pc=0x0000025987adba24 method=java.lang.String.equals(Ljava/lang/Object;)Z @ 8 c2
Event: 4.516 Thread 0x00000259e9fbabc0 DEOPT PACKING pc=0x0000025987adba24 sp=0x000000df464fbea0
Event: 4.516 Thread 0x00000259e9fbabc0 DEOPT UNPACKING pc=0x00000259875869a3 sp=0x000000df464fbe48 mode 2
Event: 4.525 Thread 0x00000259e9fbabc0 Uncommon trap: trap_request=0xffffffde fr.pc=0x0000025987adba24 relative=0x00000000000001a4
Event: 4.525 Thread 0x00000259e9fbabc0 Uncommon trap: reason=class_check action=maybe_recompile pc=0x0000025987adba24 method=java.lang.String.equals(Ljava/lang/Object;)Z @ 8 c2
Event: 4.525 Thread 0x00000259e9fbabc0 DEOPT PACKING pc=0x0000025987adba24 sp=0x000000df464fbea0
Event: 4.525 Thread 0x00000259e9fbabc0 DEOPT UNPACKING pc=0x00000259875869a3 sp=0x000000df464fbe48 mode 2
Event: 4.525 Thread 0x00000259e9fbabc0 Uncommon trap: trap_request=0xffffffde fr.pc=0x0000025987adba24 relative=0x00000000000001a4
Event: 4.525 Thread 0x00000259e9fbabc0 Uncommon trap: reason=class_check action=maybe_recompile pc=0x0000025987adba24 method=java.lang.String.equals(Ljava/lang/Object;)Z @ 8 c2
Event: 4.525 Thread 0x00000259e9fbabc0 DEOPT PACKING pc=0x0000025987adba24 sp=0x000000df464fbea0
Event: 4.525 Thread 0x00000259e9fbabc0 DEOPT UNPACKING pc=0x00000259875869a3 sp=0x000000df464fbe48 mode 2
Event: 4.534 Thread 0x00000259e9fbabc0 Uncommon trap: trap_request=0xffffffde fr.pc=0x0000025987adba24 relative=0x00000000000001a4
Event: 4.534 Thread 0x00000259e9fbabc0 Uncommon trap: reason=class_check action=maybe_recompile pc=0x0000025987adba24 method=java.lang.String.equals(Ljava/lang/Object;)Z @ 8 c2
Event: 4.534 Thread 0x00000259e9fbabc0 DEOPT PACKING pc=0x0000025987adba24 sp=0x000000df464fbdb0
Event: 4.534 Thread 0x00000259e9fbabc0 DEOPT UNPACKING pc=0x00000259875869a3 sp=0x000000df464fbd58 mode 2

Classes loaded (20 events):
Event: 4.213 Loading class java/io/Externalizable done
Event: 4.213 Loading class java/time/zone/Ser done
Event: 4.216 Loading class java/time/zone/ZoneOffsetTransition
Event: 4.216 Loading class java/time/zone/ZoneOffsetTransition done
Event: 4.288 Loading class java/util/IdentityHashMap$EntrySet
Event: 4.289 Loading class java/util/IdentityHashMap$EntrySet done
Event: 4.289 Loading class java/util/IdentityHashMap$EntryIterator
Event: 4.289 Loading class java/util/IdentityHashMap$EntryIterator done
Event: 4.289 Loading class java/util/IdentityHashMap$EntryIterator$Entry
Event: 4.289 Loading class java/util/IdentityHashMap$EntryIterator$Entry done
Event: 4.290 Loading class java/util/IdentityHashMap$ValueIterator
Event: 4.290 Loading class java/util/IdentityHashMap$ValueIterator done
Event: 4.383 Loading class java/nio/file/NoSuchFileException
Event: 4.383 Loading class java/nio/file/FileSystemException
Event: 4.383 Loading class java/nio/file/FileSystemException done
Event: 4.384 Loading class java/nio/file/NoSuchFileException done
Event: 4.389 Loading class java/net/HttpURLConnection
Event: 4.391 Loading class java/net/HttpURLConnection done
Event: 4.442 Loading class java/util/ComparableTimSort
Event: 4.443 Loading class java/util/ComparableTimSort done

Classes unloaded (0 events):
No events

Classes redefined (0 events):
No events

Internal exceptions (20 events):
Event: 3.337 Thread 0x00000259e9fbabc0 Exception <a 'java/lang/IncompatibleClassChangeError'{0x0000000090769610}: Found class java.lang.Object, but interface was expected> (0x0000000090769610) 
thrown [s\src\hotspot\share\interpreter\linkResolver.cpp, line 826]
Event: 3.339 Thread 0x00000259e9fbabc0 Exception <a 'java/lang/NoSuchMethodError'{0x00000000907742e0}: 'void java.lang.invoke.DirectMethodHandle$Holder.invokeSpecial(java.lang.Object, java.lang.Object, java.lang.Object, java.lang.Object, java.lang.Object)'> (0x00000000907742e0) 
thrown [s\src\hotspot\share\interpreter\linkResolver.cpp, line 759]
Event: 3.341 Thread 0x00000259e9fbabc0 Exception <a 'java/lang/NoSuchMethodError'{0x00000000907829e8}: 'void java.lang.invoke.DirectMethodHandle$Holder.invokeInterface(java.lang.Object, java.lang.Object)'> (0x00000000907829e8) 
thrown [s\src\hotspot\share\interpreter\linkResolver.cpp, line 759]
Event: 3.342 Thread 0x00000259e9fbabc0 Exception <a 'java/lang/IncompatibleClassChangeError'{0x0000000090785f78}: Found class java.lang.Object, but interface was expected> (0x0000000090785f78) 
thrown [s\src\hotspot\share\interpreter\linkResolver.cpp, line 826]
Event: 3.379 Thread 0x00000259e9fbabc0 Exception <a 'java/lang/NoSuchMethodError'{0x00000000906e8a58}: 'void java.lang.invoke.DirectMethodHandle$Holder.invokeInterface(java.lang.Object, java.lang.Object, java.lang.Object, java.lang.Object)'> (0x00000000906e8a58) 
thrown [s\src\hotspot\share\interpreter\linkResolver.cpp, line 759]
Event: 3.380 Thread 0x00000259e9fbabc0 Exception <a 'java/lang/IncompatibleClassChangeError'{0x00000000906ec188}: Found class java.lang.Object, but interface was expected> (0x00000000906ec188) 
thrown [s\src\hotspot\share\interpreter\linkResolver.cpp, line 826]
Event: 3.394 Thread 0x00000259e9fbabc0 Exception <a 'java/lang/ClassNotFoundException'{0x000000009055e048}: jdk/jfr/internal/handlers/EventHandler3108_1764582133791-21664> (0x000000009055e048) 
thrown [s\src\hotspot\share\classfile\systemDictionary.cpp, line 256]
Event: 3.454 Thread 0x00000259e9fbabc0 Exception <a 'java/lang/NoSuchMethodError'{0x0000000090399ad8}: 'int java.lang.invoke.DirectMethodHandle$Holder.invokeStatic(java.lang.Object, java.lang.Object, java.lang.Object, java.lang.Object, java.lang.Object)'> (0x0000000090399ad8) 
thrown [s\src\hotspot\share\interpreter\linkResolver.cpp, line 759]
Event: 3.573 Thread 0x00000259e9fbabc0 Exception <a 'java/lang/ClassNotFoundException'{0x000000008fb9e2f8}: jdk/jfr/internal/handlers/EventHandler3232_1764582133791-21664> (0x000000008fb9e2f8) 
thrown [s\src\hotspot\share\classfile\systemDictionary.cpp, line 256]
Event: 3.589 Thread 0x00000259e9fbabc0 Exception <a 'java/lang/NoSuchMethodError'{0x000000008fbeef20}: 'java.lang.Object java.lang.invoke.DirectMethodHandle$Holder.invokeSpecial(java.lang.Object, java.lang.Object, java.lang.Object, int, java.lang.Object)'> (0x000000008fbeef20) 
thrown [s\src\hotspot\share\interpreter\linkResolver.cpp, line 759]
Event: 3.598 Thread 0x00000259e9fbabc0 Exception <a 'java/lang/NoSuchMethodError'{0x000000008fa22bc0}: 'java.lang.Object java.lang.invoke.DirectMethodHandle$Holder.invokeSpecial(java.lang.Object, java.lang.Object, int, java.lang.Object, int)'> (0x000000008fa22bc0) 
thrown [s\src\hotspot\share\interpreter\linkResolver.cpp, line 759]
Event: 3.737 Thread 0x00000259e9fbabc0 Exception <a 'java/lang/NoSuchMethodError'{0x000000008f53a6d0}: 'java.lang.Object java.lang.invoke.DirectMethodHandle$Holder.newInvokeSpecial(java.lang.Object, java.lang.Object, int)'> (0x000000008f53a6d0) 
thrown [s\src\hotspot\share\interpreter\linkResolver.cpp, line 759]
Event: 3.960 Thread 0x00000259e9fbabc0 Exception <a 'java/lang/NoSuchMethodError'{0x000000008e9d0618}: 'int java.lang.invoke.DirectMethodHandle$Holder.invokeStatic(java.lang.Object)'> (0x000000008e9d0618) 
thrown [s\src\hotspot\share\interpreter\linkResolver.cpp, line 759]
Event: 3.961 Thread 0x00000259e9fbabc0 Exception <a 'java/lang/NoSuchMethodError'{0x000000008e9d3f68}: 'int java.lang.invoke.DirectMethodHandle$Holder.invokeStaticInit(java.lang.Object)'> (0x000000008e9d3f68) 
thrown [s\src\hotspot\share\interpreter\linkResolver.cpp, line 759]
Event: 3.990 Thread 0x00000259e9fbabc0 Exception <a 'java/lang/NoSuchMethodError'{0x000000008e793f78}: 'java.lang.Object java.lang.invoke.DirectMethodHandle$Holder.invokeStatic(java.lang.Object, int, java.lang.Object)'> (0x000000008e793f78) 
thrown [s\src\hotspot\share\interpreter\linkResolver.cpp, line 759]
Event: 4.027 Thread 0x00000259e9fbabc0 Exception <a 'java/lang/NoSuchMethodError'{0x000000008e546e40}: 'void java.lang.invoke.DirectMethodHandle$Holder.invokeStaticInit(java.lang.Object, java.lang.Object, java.lang.Object, java.lang.Object)'> (0x000000008e546e40) 
thrown [s\src\hotspot\share\interpreter\linkResolver.cpp, line 759]
Event: 4.165 Thread 0x00000259e9fbabc0 Exception <a 'java/lang/NoSuchMethodError'{0x000000008dfd9850}: 'java.lang.Object java.lang.invoke.DirectMethodHandle$Holder.invokeSpecial(java.lang.Object, java.lang.Object, java.lang.Object, long, java.lang.Object)'> (0x000000008dfd9850) 
thrown [s\src\hotspot\share\interpreter\linkResolver.cpp, line 759]
Event: 4.166 Thread 0x00000259e9fbabc0 Exception <a 'java/lang/NoSuchMethodError'{0x000000008dfdd970}: 'java.lang.Object java.lang.invoke.Invokers$Holder.linkToTargetMethod(java.lang.Object, long, java.lang.Object, java.lang.Object)'> (0x000000008dfdd970) 
thrown [s\src\hotspot\share\interpreter\linkResolver.cpp, line 759]
Event: 4.425 Thread 0x00000259e9fbabc0 Exception <a 'java/lang/IncompatibleClassChangeError'{0x000000009166e648}: Found class java.lang.Object, but interface was expected> (0x000000009166e648) 
thrown [s\src\hotspot\share\interpreter\linkResolver.cpp, line 826]
Event: 4.530 Thread 0x00000259e9fbabc0 Exception <a 'java/lang/NoSuchMethodError'{0x0000000090e9e6e0}: 'int java.lang.invoke.DirectMethodHandle$Holder.invokeInterface(java.lang.Object, java.lang.Object)'> (0x0000000090e9e6e0) 
thrown [s\src\hotspot\share\interpreter\linkResolver.cpp, line 759]

VM Operations (20 events):
Event: 2.457 Executing VM operation: HandshakeAllThreads
Event: 2.457 Executing VM operation: HandshakeAllThreads done
Event: 2.587 Executing VM operation: ICBufferFull
Event: 2.588 Executing VM operation: ICBufferFull done
Event: 2.628 Executing VM operation: HandshakeAllThreads
Event: 2.628 Executing VM operation: HandshakeAllThreads done
Event: 2.708 Executing VM operation: G1CollectForAllocation
Event: 2.718 Executing VM operation: G1CollectForAllocation done
Event: 3.004 Executing VM operation: HandshakeAllThreads
Event: 3.004 Executing VM operation: HandshakeAllThreads done
Event: 3.004 Executing VM operation: HandshakeAllThreads
Event: 3.004 Executing VM operation: HandshakeAllThreads done
Event: 3.878 Executing VM operation: ICBufferFull
Event: 3.878 Executing VM operation: ICBufferFull done
Event: 3.925 Executing VM operation: HandshakeAllThreads
Event: 3.926 Executing VM operation: HandshakeAllThreads done
Event: 4.058 Executing VM operation: HandshakeAllThreads
Event: 4.058 Executing VM operation: HandshakeAllThreads done
Event: 4.247 Executing VM operation: G1CollectForAllocation
Event: 4.257 Executing VM operation: G1CollectForAllocation done

Memory protections (0 events):
No events

Nmethod flushes (0 events):
No events

Events (14 events):
Event: 0.061 Thread 0x00000259e9fbabc0 Thread added: 0x00000259e9fbabc0
Event: 0.065 Thread 0x00000259e9fbabc0 Thread added: 0x00000259f9221710
Event: 0.066 Thread 0x00000259e9fbabc0 Thread added: 0x00000259f92247b0
Event: 0.079 Thread 0x00000259e9fbabc0 Thread added: 0x00000259f9238740
Event: 0.079 Thread 0x00000259e9fbabc0 Thread added: 0x00000259f923a020
Event: 0.079 Thread 0x00000259e9fbabc0 Thread added: 0x00000259f923a9e0
Event: 0.079 Thread 0x00000259e9fbabc0 Thread added: 0x00000259f923c3b0
Event: 0.079 Thread 0x00000259e9fbabc0 Thread added: 0x00000259f92496d0
Event: 0.080 Thread 0x00000259e9fbabc0 Thread added: 0x00000259f92534e0
Event: 0.080 Thread 0x00000259e9fbabc0 Thread added: 0x00000259f92679d0
Event: 0.119 Thread 0x00000259e9fbabc0 Thread added: 0x00000259f9209220
Event: 1.326 Thread 0x00000259e9fbabc0 Thread added: 0x00000259f97dbe10
Event: 1.785 Thread 0x00000259e9fbabc0 Thread added: 0x00000259f99cba30
Event: 1.844 Thread 0x00000259e9fbabc0 Thread added: 0x00000259f9a2e5d0


Dynamic libraries:
0x00007ff6e24d0000 - 0x00007ff6e24de000 	C:\Users\HP\.jdks\ms-17.0.15\bin\java.exe
0x00007ffd8c3b0000 - 0x00007ffd8c5c7000 	C:\WINDOWS\SYSTEM32\ntdll.dll
0x00007ffd8b7f0000 - 0x00007ffd8b8b4000 	C:\WINDOWS\System32\KERNEL32.DLL
0x00007ffd89880000 - 0x00007ffd89c52000 	C:\WINDOWS\System32\KERNELBASE.dll
0x00007ffd896c0000 - 0x00007ffd897d1000 	C:\WINDOWS\System32\ucrtbase.dll
0x00007ffd702b0000 - 0x00007ffd702cd000 	C:\Users\HP\.jdks\ms-17.0.15\bin\VCRUNTIME140.dll
0x00007ffd702d0000 - 0x00007ffd702e7000 	C:\Users\HP\.jdks\ms-17.0.15\bin\jli.dll
0x00007ffd8a0d0000 - 0x00007ffd8a281000 	C:\WINDOWS\System32\USER32.dll
0x00007ffd89690000 - 0x00007ffd896b6000 	C:\WINDOWS\System32\win32u.dll
0x00007ffd68000000 - 0x00007ffd6829b000 	C:\WINDOWS\WinSxS\amd64_microsoft.windows.common-controls_6595b64144ccf1df_6.0.22621.5547_none_27104afb73855772\COMCTL32.dll
0x00007ffd8ab40000 - 0x00007ffd8ab69000 	C:\WINDOWS\System32\GDI32.dll
0x00007ffd89f10000 - 0x00007ffd8a033000 	C:\WINDOWS\System32\gdi32full.dll
0x00007ffd8b1b0000 - 0x00007ffd8b257000 	C:\WINDOWS\System32\msvcrt.dll
0x00007ffd897e0000 - 0x00007ffd8987a000 	C:\WINDOWS\System32\msvcp_win.dll
0x00007ffd8c0f0000 - 0x00007ffd8c121000 	C:\WINDOWS\System32\IMM32.DLL
0x00007ffd85e00000 - 0x00007ffd85e0c000 	C:\Users\HP\.jdks\ms-17.0.15\bin\vcruntime140_1.dll
0x00007ffd4a970000 - 0x00007ffd4a9fd000 	C:\Users\HP\.jdks\ms-17.0.15\bin\msvcp140.dll
0x00007ffd00590000 - 0x00007ffd01202000 	C:\Users\HP\.jdks\ms-17.0.15\bin\server\jvm.dll
0x00007ffd8bdf0000 - 0x00007ffd8bea1000 	C:\WINDOWS\System32\ADVAPI32.dll
0x00007ffd8bec0000 - 0x00007ffd8bf68000 	C:\WINDOWS\System32\sechost.dll
0x00007ffd894a0000 - 0x00007ffd894c8000 	C:\WINDOWS\System32\bcrypt.dll
0x00007ffd8bf70000 - 0x00007ffd8c084000 	C:\WINDOWS\System32\RPCRT4.dll
0x00007ffd8a050000 - 0x00007ffd8a0c1000 	C:\WINDOWS\System32\WS2_32.dll
0x00007ffd88cf0000 - 0x00007ffd88d3d000 	C:\WINDOWS\SYSTEM32\POWRPROF.dll
0x00007ffd7fa60000 - 0x00007ffd7fa6a000 	C:\WINDOWS\SYSTEM32\VERSION.dll
0x00007ffd84150000 - 0x00007ffd84184000 	C:\WINDOWS\SYSTEM32\WINMM.dll
0x00007ffd88cd0000 - 0x00007ffd88ce3000 	C:\WINDOWS\SYSTEM32\UMPDC.dll
0x00007ffd884d0000 - 0x00007ffd884e8000 	C:\WINDOWS\SYSTEM32\kernel.appcore.dll
0x00007ffd85df0000 - 0x00007ffd85dfa000 	C:\Users\HP\.jdks\ms-17.0.15\bin\jimage.dll
0x00007ffd7c1b0000 - 0x00007ffd7c3e3000 	C:\WINDOWS\SYSTEM32\DBGHELP.DLL
0x00007ffd8b8c0000 - 0x00007ffd8bc53000 	C:\WINDOWS\System32\combase.dll
0x00007ffd8bc70000 - 0x00007ffd8bd47000 	C:\WINDOWS\System32\OLEAUT32.dll
0x00007ffd6e530000 - 0x00007ffd6e562000 	C:\WINDOWS\SYSTEM32\dbgcore.DLL
0x00007ffd89e90000 - 0x00007ffd89f0b000 	C:\WINDOWS\System32\bcryptPrimitives.dll
0x00007ffd81cb0000 - 0x00007ffd81cbe000 	C:\Users\HP\.jdks\ms-17.0.15\bin\instrument.dll
0x00007ffd723e0000 - 0x00007ffd72405000 	C:\Users\HP\.jdks\ms-17.0.15\bin\java.dll
0x00007ffd43a30000 - 0x00007ffd43b06000 	C:\Users\HP\.jdks\ms-17.0.15\bin\jsvml.dll
0x00007ffd8a290000 - 0x00007ffd8ab32000 	C:\WINDOWS\System32\SHELL32.dll
0x00007ffd89550000 - 0x00007ffd8968f000 	C:\WINDOWS\System32\wintypes.dll
0x00007ffd87390000 - 0x00007ffd87cad000 	C:\WINDOWS\SYSTEM32\windows.storage.dll
0x00007ffd8b080000 - 0x00007ffd8b18c000 	C:\WINDOWS\System32\SHCORE.dll
0x00007ffd8c1a0000 - 0x00007ffd8c209000 	C:\WINDOWS\System32\shlwapi.dll
0x00007ffd893d0000 - 0x00007ffd893fb000 	C:\WINDOWS\SYSTEM32\profapi.dll
0x00007ffd81bc0000 - 0x00007ffd81bd8000 	C:\Users\HP\.jdks\ms-17.0.15\bin\zip.dll
0x00007ffd723c0000 - 0x00007ffd723da000 	C:\Users\HP\.jdks\ms-17.0.15\bin\net.dll
0x00007ffd85630000 - 0x00007ffd8575c000 	C:\WINDOWS\SYSTEM32\WINHTTP.dll
0x00007ffd889c0000 - 0x00007ffd88a29000 	C:\WINDOWS\system32\mswsock.dll
0x00007ffd70230000 - 0x00007ffd70246000 	C:\Users\HP\.jdks\ms-17.0.15\bin\nio.dll
0x00007ffd81cd0000 - 0x00007ffd81ce0000 	C:\Users\HP\.jdks\ms-17.0.15\bin\verify.dll
0x00007ffd84a40000 - 0x00007ffd84a57000 	C:\WINDOWS\system32\napinsp.dll
0x00007ffd84b20000 - 0x00007ffd84b3b000 	C:\WINDOWS\system32\pnrpnsp.dll
0x00007ffd87f90000 - 0x00007ffd88088000 	C:\WINDOWS\SYSTEM32\DNSAPI.dll
0x00007ffd87f20000 - 0x00007ffd87f4d000 	C:\WINDOWS\SYSTEM32\IPHLPAPI.DLL
0x00007ffd8a040000 - 0x00007ffd8a049000 	C:\WINDOWS\System32\NSI.dll
0x00007ffd84b00000 - 0x00007ffd84b11000 	C:\WINDOWS\System32\winrnr.dll
0x00007ffd83a70000 - 0x00007ffd83a8f000 	C:\WINDOWS\system32\wshbth.dll
0x00007ffd84a10000 - 0x00007ffd84a31000 	C:\WINDOWS\system32\nlansp_c.dll
0x00007ffd84f90000 - 0x00007ffd84f9a000 	C:\Windows\System32\rasadhlp.dll
0x00007ffd83810000 - 0x00007ffd83894000 	C:\WINDOWS\System32\fwpuclnt.dll
0x00007ffd7b1d0000 - 0x00007ffd7b1da000 	C:\Users\HP\.jdks\ms-17.0.15\bin\management.dll
0x00007ffd72310000 - 0x00007ffd7231b000 	C:\Users\HP\.jdks\ms-17.0.15\bin\management_ext.dll
0x00007ffd8bc60000 - 0x00007ffd8bc68000 	C:\WINDOWS\System32\PSAPI.DLL

dbghelp: loaded successfully - version: 4.0.5 - missing functions: none
symbol engine: initialized successfully - sym options: 0x614 - pdb path: .;C:\Users\HP\.jdks\ms-17.0.15\bin;C:\WINDOWS\SYSTEM32;C:\WINDOWS\WinSxS\amd64_microsoft.windows.common-controls_6595b64144ccf1df_6.0.22621.5547_none_27104afb73855772;C:\Users\HP\.jdks\ms-17.0.15\bin\server

VM Arguments:
jvm_args: -javaagent:C:\\Users\\HP\\.m2\\repository\\org\\jacoco\\org.jacoco.agent\\0.8.12\\org.jacoco.agent-0.8.12-runtime.jar=destfile=D:\\DATN\\Course_Online\\Backend\\common\\target\\jacoco.exec,excludes=com/example/identity_service/dto/**:com/example/identity_service/entity/**:com/example/identity_service/mapper/**:com/example/identity_service/configuration/** 
java_command: C:\Users\HP\AppData\Local\Temp\surefire4320995214478642953\surefirebooter-20251201164210636_3.jar C:\Users\HP\AppData\Local\Temp\surefire4320995214478642953 2025-12-01T16-42-08_137-jvmRun1 surefire-20251201164210636_1tmp surefire_0-20251201164210636_2tmp
java_class_path (initial): C:\Users\HP\AppData\Local\Temp\surefire4320995214478642953\surefirebooter-20251201164210636_3.jar
Launcher Type: SUN_STANDARD

[Global flags]
     intx CICompilerCount                          = 4                                         {product} {ergonomic}
     uint ConcGCThreads                            = 3                                         {product} {ergonomic}
     uint G1ConcRefinementThreads                  = 10                                        {product} {ergonomic}
   size_t G1HeapRegionSize                         = 1048576                                   {product} {ergonomic}
    uintx GCDrainStackTargetSize                   = 64                                        {product} {ergonomic}
   size_t InitialHeapSize                          = 123731968                                 {product} {ergonomic}
   size_t MarkStackSize                            = 4194304                                   {product} {ergonomic}
   size_t MaxHeapSize                              = 1967128576                                {product} {ergonomic}
   size_t MaxNewSize                               = 1179648000                                {product} {ergonomic}
   size_t MinHeapDeltaBytes                        = 1048576                                   {product} {ergonomic}
   size_t MinHeapSize                              = 8388608                                   {product} {ergonomic}
    uintx NonNMethodCodeHeapSize                   = 5839372                                {pd product} {ergonomic}
    uintx NonProfiledCodeHeapSize                  = 122909434                              {pd product} {ergonomic}
    uintx ProfiledCodeHeapSize                     = 122909434                              {pd product} {ergonomic}
    uintx ReservedCodeCacheSize                    = 251658240                              {pd product} {ergonomic}
     bool SegmentedCodeCache                       = true                                      {product} {ergonomic}
   size_t SoftMaxHeapSize                          = 1967128576                             {manageable} {ergonomic}
     bool UseCompressedClassPointers               = true                           {product lp64_product} {ergonomic}
     bool UseCompressedOops                        = true                           {product lp64_product} {ergonomic}
     bool UseG1GC                                  = true                                      {product} {ergonomic}
     bool UseLargePagesIndividualAllocation        = false                                  {pd product} {ergonomic}

Logging:
Log output configuration:
 #0: stdout all=warning uptime,level,tags
 #1: stderr all=off uptime,level,tags

Environment Variables:
JAVA_HOME=C:\Users\HP\.jdks\ms-17.0.15
PATH=C:\Users\HP\.jdks\ms-17.0.15\bin;C:\Program Files\Common Files\Oracle\Java\javapath;C:\WINDOWS\system32;C:\WINDOWS;C:\WINDOWS\System32\Wbem;C:\WINDOWS\System32\WindowsPowerShell\v1.0\;C:\WINDOWS\System32\OpenSSH\;C:\Program Files\Microsoft SQL Server\150\Tools\Binn\;C:\Program Files\Microsoft SQL Server\Client SDK\ODBC\170\Tools\Binn\;D:\common;C:\Program Files\Git\cmd;C:\Program Files (x86)\Microsoft SQL Server\160\Tools\Binn\;C:\Program Files\Microsoft SQL Server\160\Tools\Binn\;C:\Program Files\Microsoft SQL Server\160\DTS\Binn\;C:\AppServ\www\php-8.3.8;D:\Download Setup\erLang\Erlang OTP\bin;D:\Download Setup\rabbitmq\rabbitmq_server-4.0.6\sbin;C:\Users\HP\.m2\wrapper\dists\apache-maven-3.9.9-bin\4nf9hui3q3djbarqar9g711ggc\apache-maven-3.9.9\bin;C:\Users\HP\.jdks\ms-17.0.15\bin;C:\Program Files\dotnet\;C:\ProgramData\chocolatey\bin;C:\ProgramData\nvm;C:\nvm4w\nodejs;C:\Program Files\Docker\Docker\resources\bin;C:\Users\HP\.jdks\ms-17.0.15\bin;C:\ProgramData\nvm;C:\nvm4w\nodejs;
USERNAME=HP
OS=Windows_NT
PROCESSOR_IDENTIFIER=AMD64 Family 23 Model 104 Stepping 1, AuthenticAMD
TMP=C:\Users\HP\AppData\Local\Temp
TEMP=C:\Users\HP\AppData\Local\Temp



Periodic native trim disabled


---------------  S Y S T E M  ---------------

OS:
 Windows 11 , 64 bit Build 22621 (10.0.22621.5415)
OS uptime: 0 days 22:22 hours
Hyper-V role detected

CPU: total 12 (initial active 12) (12 cores per cpu, 2 threads per core) family 23 model 104 stepping 1 microcode 0x0, cx8, cmov, fxsr, ht, mmx, 3dnowpref, sse, sse2, sse3, ssse3, sse4a, sse4.1, sse4.2, popcnt, lzcnt, tsc, tscinvbit, avx, avx2, aes, clmul, bmi1, bmi2, adx, sha, fma, vzeroupper, clflush, clflushopt, hv
Processor Information for processor 0
  Max Mhz: 2100, Current Mhz: 2100, Mhz Limit: 2100
Processor Information for processor 1
  Max Mhz: 2100, Current Mhz: 2100, Mhz Limit: 2100
Processor Information for processor 2
  Max Mhz: 2100, Current Mhz: 2100, Mhz Limit: 2100
Processor Information for processor 3
  Max Mhz: 2100, Current Mhz: 2100, Mhz Limit: 2100
Processor Information for processor 4
  Max Mhz: 2100, Current Mhz: 1988, Mhz Limit: 2100
Processor Information for processor 5
  Max Mhz: 2100, Current Mhz: 2100, Mhz Limit: 2100
Processor Information for processor 6
  Max Mhz: 2100, Current Mhz: 2100, Mhz Limit: 2100
Processor Information for processor 7
  Max Mhz: 2100, Current Mhz: 2100, Mhz Limit: 2100
Processor Information for processor 8
  Max Mhz: 2100, Current Mhz: 2100, Mhz Limit: 2100
Processor Information for processor 9
  Max Mhz: 2100, Current Mhz: 2100, Mhz Limit: 2100
Processor Information for processor 10
  Max Mhz: 2100, Current Mhz: 2100, Mhz Limit: 2100
Processor Information for processor 11
  Max Mhz: 2100, Current Mhz: 2100, Mhz Limit: 2100

Memory: 4k page, system-wide physical 7502M (165M free)
TotalPageFile size 27128M (AvailPageFile size 7M)
current process WorkingSet (physical memory assigned to process): 168M, peak: 168M
current process commit charge ("private bytes"): 257M, peak: 258M

vm_info: OpenJDK 64-Bit Server VM (17.0.15+6-LTS) for windows-amd64 JRE (17.0.15+6-LTS), built on Apr  9 2025 22:27:25 by "MicrosoftCorporation" with unknown MS VC++:1939

END.
